Request #1: GET https://dellagiacomaintrosde2.herokuapp.com/sdelab/person Accept: application/xml
Result: OK
HTTP Status: 200
<?xml version="1.0" encoding="UTF-8" standalone="yes"?><people><person><birthdate>1945-01-01T00:00:00Z</birthdate><idPerson>1</idPerson><lastname>Norris</lastname><HealthProfile/><firstname>Daniele</firstname></person><person><birthdate>1982-06-08T00:00:00Z</birthdate><idPerson>2</idPerson><lastname>Pinco</lastname><HealthProfile><measureType><idMeasure>352</idMeasure><measureDefinition><idMeasureDef>1</idMeasureDef><measureName>weight</measureName><measureType>double</measureType></measureDefinition><value>86</value></measureType></HealthProfile><firstname>Pallino</firstname></person><person><birthdate>1960-04-09T00:00:00Z</birthdate><idPerson>3</idPerson><lastname>Pippo</lastname><HealthProfile><measureType><idMeasure>50</idMeasure><measureDefinition><idMeasureDef>1</idMeasureDef><measureName>weight</measureName><measureType>double</measureType></measureDefinition><value>72.3</value></measureType></HealthProfile><firstname>Pappo</firstname></person><person><birthdate>1983-05-07T00:00:00Z</birthdate><idPerson>4</idPerson><lastname>Pallino</lastname><HealthProfile/><firstname>Angolo</firstname></person><person><birthdate>1998-01-01T00:00:00Z</birthdate><idPerson>5</idPerson><lastname>Pallio</lastname><HealthProfile><measureType><idMeasure>2205</idMeasure><measureDefinition><idMeasureDef>6</idMeasureDef><measureName>bmi</measureName><measureType>double</measureType></measureDefinition><value>30</value></measureType></HealthProfile><firstname>Angolo</firstname></person></people>

Request #2: GET https://dellagiacomaintrosde2.herokuapp.com/sdelab/person/1 Accept: application/xml
Result: OK
HTTP Status: 200
<?xml version="1.0" encoding="UTF-8" standalone="yes"?><person><birthdate>1945-01-01T00:00:00Z</birthdate><idPerson>1</idPerson><lastname>Norris</lastname><HealthProfile/><firstname>Daniele</firstname></person>

Request #3: PUT https://dellagiacomaintrosde2.herokuapp.com/sdelab/person/1  Accept:application/xml Content-Type application/xml 
Result: OK
HTTP Status: 200
<?xml version="1.0" encoding="UTF-8" standalone="yes"?><person><birthdate>1978-09-02T00:00:00Z</birthdate><idPerson>1</idPerson><lastname>Maregiot</lastname><firstname>Davide</firstname></person>

Request #4: POST https://dellagiacomaintrosde2.herokuapp.com/sdelab/person/ Accept:application/xml Content-Type application/xml
Result: OK
HTTP Status: 200
<?xml version="1.0" encoding="UTF-8" standalone="yes"?><person><birthdate>1945-01-12T00:00:00Z</birthdate><idPerson>1256</idPerson><lastname>Norris</lastname><HealthProfile/><firstname>Chuck</firstname></person>

Request #5: DELETE https://dellagiacomaintrosde2.herokuapp.com/sdelab/person/1257

Request #2: GET https://dellagiacomaintrosde2.herokuapp.com/sdelab/person/1257 Accept: application/xml
Result: OK
HTTP Status: 204

Request #5: DELETE https://dellagiacomaintrosde2.herokuapp.com/sdelab/person/1256

Request #2: GET https://dellagiacomaintrosde2.herokuapp.com/sdelab/person/1256 Accept: application/xml
Result: OK
HTTP Status: 204

Request #9: GET https://dellagiacomaintrosde2.herokuapp.com/sdelab/measureTypes Accept: application/xml
Result: OK
HTTP Status: 200
<?xml version="1.0" encoding="UTF-8" standalone="yes"?><measureDefinitions><measureDefinition><idMeasureDef>1</idMeasureDef><measureName>weight</measureName><measureType>double</measureType></measureDefinition><measureDefinition><idMeasureDef>2</idMeasureDef><measureName>height</measureName><measureType>double</measureType></measureDefinition><measureDefinition><idMeasureDef>3</idMeasureDef><measureName>steps</measureName><measureType>integer</measureType></measureDefinition><measureDefinition><idMeasureDef>4</idMeasureDef><measureName>bloodpressure</measureName><measureType>double</measureType></measureDefinition><measureDefinition><idMeasureDef>5</idMeasureDef><measureName>heartrate</measureName><measureType>integer</measureType></measureDefinition><measureDefinition><idMeasureDef>6</idMeasureDef><measureName>bmi</measureName><measureType>double</measureType></measureDefinition></measureDefinitions>
Result: OK
HTTP Status: 200
[{"idMeasureDef":1,"measureName":"weight","measureType":"double"},{"idMeasureDef":2,"measureName":"height","measureType":"double"},{"idMeasureDef":3,"measureName":"steps","measureType":"integer"},{"idMeasureDef":4,"measureName":"bloodpressure","measureType":"double"},{"idMeasureDef":5,"measureName":"heartrate","measureType":"integer"},{"idMeasureDef":6,"measureName":"bmi","measureType":"double"}]

Request #6: GET https://dellagiacomaintrosde2.herokuapp.com/sdelab/person/1/weight Accept: application/xml
Result: OK
HTTP Status: 200
<?xml version="1.0" encoding="UTF-8" standalone="yes"?><healthMeasureHistories><healthMeasureHistory><idMeasureHistory>1</idMeasureHistory><measureDef><idMeasureDef>1</idMeasureDef><measureName>weight</measureName><measureType>double</measureType></measureDef><person><birthdate>1978-09-02T00:00:00Z</birthdate><idPerson>1</idPerson><lastname>Maregiot</lastname><HealthProfile/><firstname>Davide</firstname></person><timestamp>2012-12-27T23:00:00Z</timestamp><value>83</value></healthMeasureHistory><healthMeasureHistory><idMeasureHistory>2</idMeasureHistory><measureDef><idMeasureDef>1</idMeasureDef><measureName>weight</measureName><measureType>double</measureType></measureDef><person><birthdate>1978-09-02T00:00:00Z</birthdate><idPerson>1</idPerson><lastname>Maregiot</lastname><HealthProfile/><firstname>Davide</firstname></person><timestamp>2013-02-26T23:00:00Z</timestamp><value>80</value></healthMeasureHistory><healthMeasureHistory><idMeasureHistory>3</idMeasureHistory><measureDef><idMeasureDef>1</idMeasureDef><measureName>weight</measureName><measureType>double</measureType></measureDef><person><birthdate>1978-09-02T00:00:00Z</birthdate><idPerson>1</idPerson><lastname>Maregiot</lastname><HealthProfile/><firstname>Davide</firstname></person><timestamp>2013-06-29T22:00:00Z</timestamp><value>75</value></healthMeasureHistory><healthMeasureHistory><idMeasureHistory>906</idMeasureHistory><measureDef><idMeasureDef>1</idMeasureDef><measureName>weight</measureName><measureType>double</measureType></measureDef><person><birthdate>1978-09-02T00:00:00Z</birthdate><idPerson>1</idPerson><lastname>Maregiot</lastname><HealthProfile/><firstname>Davide</firstname></person><timestamp>2011-12-09T00:00:00Z</timestamp><value>72</value></healthMeasureHistory><healthMeasureHistory><idMeasureHistory>907</idMeasureHistory><measureDef><idMeasureDef>1</idMeasureDef><measureName>weight</measureName><measureType>double</measureType></measureDef><person><birthdate>1978-09-02T00:00:00Z</birthdate><idPerson>1</idPerson><lastname>Maregiot</lastname><HealthProfile/><firstname>Davide</firstname></person><timestamp>2011-12-09T00:00:00Z</timestamp><value>72</value></healthMeasureHistory></healthMeasureHistories>

Request #6: GET https://dellagiacomaintrosde2.herokuapp.com/sdelab/person/5/weight Accept: application/xml
Result: ERROR
HTTP Status: 200

Request #6: GET https://dellagiacomaintrosde2.herokuapp.com/sdelab/person/1/height Accept: application/xml
Result: ERROR
HTTP Status: 200

Request #6: GET https://dellagiacomaintrosde2.herokuapp.com/sdelab/person/5/height Accept: application/xml
Result: ERROR
HTTP Status: 200

Request #6: GET https://dellagiacomaintrosde2.herokuapp.com/sdelab/person/1/steps Accept: application/xml
Result: ERROR
HTTP Status: 200

Request #6: GET https://dellagiacomaintrosde2.herokuapp.com/sdelab/person/5/steps Accept: application/xml
Result: ERROR
HTTP Status: 200

Request #6: GET https://dellagiacomaintrosde2.herokuapp.com/sdelab/person/1/bloodpressure Accept: application/xml
Result: ERROR
HTTP Status: 200

Request #6: GET https://dellagiacomaintrosde2.herokuapp.com/sdelab/person/5/bloodpressure Accept: application/xml
Result: ERROR
HTTP Status: 200

Request #6: GET https://dellagiacomaintrosde2.herokuapp.com/sdelab/person/1/heartrate Accept: application/xml
Result: ERROR
HTTP Status: 200

Request #6: GET https://dellagiacomaintrosde2.herokuapp.com/sdelab/person/5/heartrate Accept: application/xml
Result: ERROR
HTTP Status: 200

Request #6: GET https://dellagiacomaintrosde2.herokuapp.com/sdelab/person/1/bmi Accept: application/xml
Result: ERROR
HTTP Status: 200

Request #6: GET https://dellagiacomaintrosde2.herokuapp.com/sdelab/person/5/bmi Accept: application/xml
Result: ERROR
HTTP Status: 200
Request #6: Correct results: 1            OK

Request #7: GET https://dellagiacomaintrosde2.herokuapp.com/sdelab/person/1/weight/1 Accept: application/xml
Result: OK
HTTP Status: 200
<?xml version="1.0" encoding="UTF-8" standalone="yes"?><healthMeasureHistory><idMeasureHistory>1</idMeasureHistory><measureDef><idMeasureDef>1</idMeasureDef><measureName>weight</measureName><measureType>double</measureType></measureDef><person><birthdate>1978-09-02T00:00:00Z</birthdate><idPerson>1</idPerson><lastname>Maregiot</lastname><HealthProfile/><firstname>Davide</firstname></person><timestamp>2012-12-27T23:00:00Z</timestamp><value>83</value></healthMeasureHistory>
Request #6: GET https://dellagiacomaintrosde2.herokuapp.com/sdelab/person/1/weight Accept: application/xml
Result: OK
HTTP Status: 200

Request #8: POST https://dellagiacomaintrosde2.herokuapp.com/sdelab/person/1/weight Accept:application/xml Content-Type application/xml
<?xml version="1.0" encoding="UTF-8" standalone="yes"?><Measure><idMeasure>2364</idMeasure><measureDefinition><idMeasureDef>1</idMeasureDef><measureName>weight</measureName><measureType>double</measureType></measureDefinition><value>72</value></Measure>
Request #6: GET https://dellagiacomaintrosde2.herokuapp.com/sdelab/person/1/weight Accept: application/xml
Result: OK
HTTP Status: 200
Content type:application/xml Result: OK
HTTP Status: New Health Profile inserted, History updated